app/build/intermediates/manifest_merge_blame_file/debug/manifest-merger-blame-debug-report.txt
1<?xml version="1.0" encoding="utf-8"?>
2<manifest xmlns:android="http://schemas.android.com/apk/res/android"
3    package="com.gabez.todo_list_simple"
4    android:versionCode="1"
5    android:versionName="1.0" >
6
7    <uses-sdk
8        android:minSdkVersion="21"
8-->src/main/AndroidManifest.xml
9        android:targetSdkVersion="30" />
9-->src/main/AndroidManifest.xml
10
11    <uses-permission android:name="android.permission.WAKE_LOCK" />
11-->[androidx.work:work-runtime:2.2.0] AndroidManifest.xml:25:5-68
11-->[androidx.work:work-runtime:2.2.0] AndroidManifest.xml:25:22-65
12    <uses-permission android:name="android.permission.ACCESS_NETWORK_STATE" />
12-->[androidx.work:work-runtime:2.2.0] AndroidManifest.xml:26:5-79
12-->[androidx.work:work-runtime:2.2.0] AndroidManifest.xml:26:22-76
13    <uses-permission android:name="android.permission.RECEIVE_BOOT_COMPLETED" />
13-->[androidx.work:work-runtime:2.2.0] AndroidManifest.xml:27:5-81
13-->[androidx.work:work-runtime:2.2.0] AndroidManifest.xml:27:22-78
14    <uses-permission android:name="android.permission.INTERNET" /> <!-- Required by older versions of Google Play services to create IID tokens -->
14-->[com.google.firebase:firebase-firestore:22.1.0] AndroidManifest.xml:14:5-67
14-->[com.google.firebase:firebase-firestore:22.1.0] AndroidManifest.xml:14:22-64
15    <uses-permission android:name="com.google.android.c2dm.permission.RECEIVE" /> <!-- Permission will be merged into the manifest of the hosting app. -->
15-->[com.google.firebase:firebase-iid:21.0.1] AndroidManifest.xml:26:5-82
15-->[com.google.firebase:firebase-iid:21.0.1] AndroidManifest.xml:26:22-79
16    <!-- Is required to launch foreground extraction service for targetSdkVersion 28+. -->
17    <uses-permission android:name="android.permission.FOREGROUND_SERVICE" />
17-->[com.google.android.play:core:1.7.2] AndroidManifest.xml:8:3-74
17-->[com.google.android.play:core:1.7.2] AndroidManifest.xml:8:20-72
18
19    <application
19-->src/main/AndroidManifest.xml:7:5-26:19
20        android:name="com.gabez.todo_list_simple.di.ListApp"
20-->src/main/AndroidManifest.xml:8:9-35
21        android:allowBackup="true"
21-->src/main/AndroidManifest.xml:9:9-35
22        android:appComponentFactory="androidx.core.app.CoreComponentFactory"
22-->[androidx.core:core:1.5.0-alpha01] AndroidManifest.xml:24:18-86
23        android:debuggable="true"
24        android:icon="@mipmap/app_icon"
24-->src/main/AndroidManifest.xml:10:9-40
25        android:label="@string/app_name"
25-->src/main/AndroidManifest.xml:11:9-41
26        android:roundIcon="@mipmap/app_icon_round"
26-->src/main/AndroidManifest.xml:12:9-51
27        android:supportsRtl="true"
27-->src/main/AndroidManifest.xml:13:9-35
28        android:testOnly="true"
29        android:theme="@style/AppTheme" >
29-->src/main/AndroidManifest.xml:14:9-40
30        <activity android:name="com.gabez.todo_list_simple.app.MainActivity" >
30-->src/main/AndroidManifest.xml:15:9-21:20
30-->src/main/AndroidManifest.xml:15:19-51
31            <intent-filter>
31-->src/main/AndroidManifest.xml:16:13-20:29
32                <action android:name="android.intent.action.MAIN" />
32-->src/main/AndroidManifest.xml:17:17-69
32-->src/main/AndroidManifest.xml:17:25-66
33
34                <category android:name="android.intent.category.LAUNCHER" />
34-->src/main/AndroidManifest.xml:19:17-77
34-->src/main/AndroidManifest.xml:19:27-74
35            </intent-filter>
36        </activity>
37
38        <service
38-->src/main/AndroidManifest.xml:23:9-25:40
39            android:name="com.gabez.todo_list_simple.backgroundService.ObserveChangesService"
39-->src/main/AndroidManifest.xml:24:13-68
40            android:exported="false" />
40-->src/main/AndroidManifest.xml:25:13-37
41        <service
41-->[com.google.firebase:firebase-firestore-ktx:22.1.0] AndroidManifest.xml:12:9-18:19
42            android:name="com.google.firebase.components.ComponentDiscoveryService"
42-->[com.google.firebase:firebase-firestore-ktx:22.1.0] AndroidManifest.xml:13:13-84
43            android:directBootAware="true"
43-->[com.google.firebase:firebase-common:19.5.0] AndroidManifest.xml:35:13-43
44            android:exported="false" >
44-->[com.google.firebase:firebase-firestore-ktx:22.1.0] AndroidManifest.xml:14:13-37
45            <meta-data
45-->[com.google.firebase:firebase-firestore-ktx:22.1.0] AndroidManifest.xml:15:13-17:85
46                android:name="com.google.firebase.components:com.google.firebase.firestore.ktx.FirebaseFirestoreKtxRegistrar"
46-->[com.google.firebase:firebase-firestore-ktx:22.1.0] AndroidManifest.xml:16:17-126
47                android:value="com.google.firebase.components.ComponentRegistrar" />
47-->[com.google.firebase:firebase-firestore-ktx:22.1.0] AndroidManifest.xml:17:17-82
48            <meta-data
48-->[com.google.firebase:firebase-messaging-ktx:21.0.1] AndroidManifest.xml:29:13-31:85
49                android:name="com.google.firebase.components:com.google.firebase.messaging.ktx.FirebaseMessagingKtxRegistrar"
49-->[com.google.firebase:firebase-messaging-ktx:21.0.1] AndroidManifest.xml:30:17-126
50                android:value="com.google.firebase.components.ComponentRegistrar" />
50-->[com.google.firebase:firebase-messaging-ktx:21.0.1] AndroidManifest.xml:31:17-82
51            <meta-data
51-->[com.google.firebase:firebase-common-ktx:19.5.0] AndroidManifest.xml:15:13-17:85
52                android:name="com.google.firebase.components:com.google.firebase.ktx.FirebaseCommonKtxRegistrar"
52-->[com.google.firebase:firebase-common-ktx:19.5.0] AndroidManifest.xml:16:17-113
53                android:value="com.google.firebase.components.ComponentRegistrar" />
53-->[com.google.firebase:firebase-common-ktx:19.5.0] AndroidManifest.xml:17:17-82
54            <meta-data
54-->[com.google.firebase:firebase-firestore:22.1.0] AndroidManifest.xml:20:13-22:85
55                android:name="com.google.firebase.components:com.google.firebase.firestore.FirestoreRegistrar"
55-->[com.google.firebase:firebase-firestore:22.1.0] AndroidManifest.xml:21:17-111
56                android:value="com.google.firebase.components.ComponentRegistrar" />
56-->[com.google.firebase:firebase-firestore:22.1.0] AndroidManifest.xml:22:17-82
57            <meta-data
57-->[com.google.firebase:firebase-messaging:21.0.1] AndroidManifest.xml:39:13-41:85
58                android:name="com.google.firebase.components:com.google.firebase.messaging.FirebaseMessagingRegistrar"
58-->[com.google.firebase:firebase-messaging:21.0.1] AndroidManifest.xml:40:17-119
59                android:value="com.google.firebase.components.ComponentRegistrar" />
59-->[com.google.firebase:firebase-messaging:21.0.1] AndroidManifest.xml:41:17-82
60            <meta-data
60-->[com.google.firebase:firebase-iid:21.0.1] AndroidManifest.xml:32:13-34:85
61                android:name="com.google.firebase.components:com.google.firebase.iid.Registrar"
61-->[com.google.firebase:firebase-iid:21.0.1] AndroidManifest.xml:33:17-96
62                android:value="com.google.firebase.components.ComponentRegistrar" />
62-->[com.google.firebase:firebase-iid:21.0.1] AndroidManifest.xml:34:17-82
63            <meta-data
63-->[com.google.firebase:firebase-datatransport:17.0.10] AndroidManifest.xml:28:13-30:85
64                android:name="com.google.firebase.components:com.google.firebase.datatransport.TransportRegistrar"
64-->[com.google.firebase:firebase-datatransport:17.0.10] AndroidManifest.xml:29:17-115
65                android:value="com.google.firebase.components.ComponentRegistrar" />
65-->[com.google.firebase:firebase-datatransport:17.0.10] AndroidManifest.xml:30:17-82
66            <meta-data
66-->[com.google.firebase:firebase-installations:16.3.5] AndroidManifest.xml:18:13-20:85
67                android:name="com.google.firebase.components:com.google.firebase.installations.FirebaseInstallationsRegistrar"
67-->[com.google.firebase:firebase-installations:16.3.5] AndroidManifest.xml:19:17-127
68                android:value="com.google.firebase.components.ComponentRegistrar" />
68-->[com.google.firebase:firebase-installations:16.3.5] AndroidManifest.xml:20:17-82
69            <!--
70                This registrar is not defined in the dynamic-module-support sdk itself to allow non-firebase
71                clients to use it as well, by defining this registrar in their own core/common library.
72            -->
73            <meta-data
73-->[com.google.firebase:firebase-common:19.5.0] AndroidManifest.xml:43:13-45:85
74                android:name="com.google.firebase.components:com.google.firebase.dynamicloading.DynamicLoadingRegistrar"
74-->[com.google.firebase:firebase-common:19.5.0] AndroidManifest.xml:44:17-121
75                android:value="com.google.firebase.components.ComponentRegistrar" />
75-->[com.google.firebase:firebase-common:19.5.0] AndroidManifest.xml:45:17-82
76        </service>
77
78        <provider
78-->[androidx.work:work-runtime:2.2.0] AndroidManifest.xml:30:9-36:35
79            android:name="androidx.work.impl.WorkManagerInitializer"
79-->[androidx.work:work-runtime:2.2.0] AndroidManifest.xml:31:13-69
80            android:authorities="com.gabez.todo_list_simple.workmanager-init"
80-->[androidx.work:work-runtime:2.2.0] AndroidManifest.xml:32:13-68
81            android:directBootAware="false"
81-->[androidx.work:work-runtime:2.2.0] AndroidManifest.xml:33:13-44
82            android:exported="false"
82-->[androidx.work:work-runtime:2.2.0] AndroidManifest.xml:34:13-37
83            android:multiprocess="true" />
83-->[androidx.work:work-runtime:2.2.0] AndroidManifest.xml:35:13-40
84
85        <service
85-->[androidx.work:work-runtime:2.2.0] AndroidManifest.xml:38:9-43:35
86            android:name="androidx.work.impl.background.systemalarm.SystemAlarmService"
86-->[androidx.work:work-runtime:2.2.0] AndroidManifest.xml:39:13-88
87            android:directBootAware="false"
87-->[androidx.work:work-runtime:2.2.0] AndroidManifest.xml:40:13-44
88            android:enabled="@bool/enable_system_alarm_service_default"
88-->[androidx.work:work-runtime:2.2.0] AndroidManifest.xml:41:13-72
89            android:exported="false" />
89-->[androidx.work:work-runtime:2.2.0] AndroidManifest.xml:42:13-37
90        <service
90-->[androidx.work:work-runtime:2.2.0] AndroidManifest.xml:44:9-50:35
91            android:name="androidx.work.impl.background.systemjob.SystemJobService"
91-->[androidx.work:work-runtime:2.2.0] AndroidManifest.xml:45:13-84
92            android:directBootAware="false"
92-->[androidx.work:work-runtime:2.2.0] AndroidManifest.xml:46:13-44
93            android:enabled="@bool/enable_system_job_service_default"
93-->[androidx.work:work-runtime:2.2.0] AndroidManifest.xml:47:13-70
94            android:exported="true"
94-->[androidx.work:work-runtime:2.2.0] AndroidManifest.xml:48:13-36
95            android:permission="android.permission.BIND_JOB_SERVICE" />
95-->[androidx.work:work-runtime:2.2.0] AndroidManifest.xml:49:13-69
96
97        <receiver
97-->[androidx.work:work-runtime:2.2.0] AndroidManifest.xml:52:9-57:35
98            android:name="androidx.work.impl.utils.ForceStopRunnable$BroadcastReceiver"
98-->[androidx.work:work-runtime:2.2.0] AndroidManifest.xml:53:13-88
99            android:directBootAware="false"
99-->[androidx.work:work-runtime:2.2.0] AndroidManifest.xml:54:13-44
100            android:enabled="true"
100-->[androidx.work:work-runtime:2.2.0] AndroidManifest.xml:55:13-35
101            android:exported="false" />
101-->[androidx.work:work-runtime:2.2.0] AndroidManifest.xml:56:13-37
102        <receiver
102-->[androidx.work:work-runtime:2.2.0] AndroidManifest.xml:58:9-68:20
103            android:name="androidx.work.impl.background.systemalarm.ConstraintProxy$BatteryChargingProxy"
103-->[androidx.work:work-runtime:2.2.0] AndroidManifest.xml:59:13-106
104            android:directBootAware="false"
104-->[androidx.work:work-runtime:2.2.0] AndroidManifest.xml:60:13-44
105            android:enabled="false"
105-->[androidx.work:work-runtime:2.2.0] AndroidManifest.xml:61:13-36
106            android:exported="false" >
106-->[androidx.work:work-runtime:2.2.0] AndroidManifest.xml:62:13-37
107            <intent-filter>
107-->[androidx.work:work-runtime:2.2.0] AndroidManifest.xml:64:13-67:29
108                <action android:name="android.intent.action.ACTION_POWER_CONNECTED" />
108-->[androidx.work:work-runtime:2.2.0] AndroidManifest.xml:65:17-87
108-->[androidx.work:work-runtime:2.2.0] AndroidManifest.xml:65:25-84
109                <action android:name="android.intent.action.ACTION_POWER_DISCONNECTED" />
109-->[androidx.work:work-runtime:2.2.0] AndroidManifest.xml:66:17-90
109-->[androidx.work:work-runtime:2.2.0] AndroidManifest.xml:66:25-87
110            </intent-filter>
111        </receiver>
112        <receiver
112-->[androidx.work:work-runtime:2.2.0] AndroidManifest.xml:69:9-79:20
113            android:name="androidx.work.impl.background.systemalarm.ConstraintProxy$BatteryNotLowProxy"
113-->[androidx.work:work-runtime:2.2.0] AndroidManifest.xml:70:13-104
114            android:directBootAware="false"
114-->[androidx.work:work-runtime:2.2.0] AndroidManifest.xml:71:13-44
115            android:enabled="false"
115-->[androidx.work:work-runtime:2.2.0] AndroidManifest.xml:72:13-36
116            android:exported="false" >
116-->[androidx.work:work-runtime:2.2.0] AndroidManifest.xml:73:13-37
117            <intent-filter>
117-->[androidx.work:work-runtime:2.2.0] AndroidManifest.xml:75:13-78:29
118                <action android:name="android.intent.action.BATTERY_OKAY" />
118-->[androidx.work:work-runtime:2.2.0] AndroidManifest.xml:76:17-77
118-->[androidx.work:work-runtime:2.2.0] AndroidManifest.xml:76:25-74
119                <action android:name="android.intent.action.BATTERY_LOW" />
119-->[androidx.work:work-runtime:2.2.0] AndroidManifest.xml:77:17-76
119-->[androidx.work:work-runtime:2.2.0] AndroidManifest.xml:77:25-73
120            </intent-filter>
121        </receiver>
122        <receiver
122-->[androidx.work:work-runtime:2.2.0] AndroidManifest.xml:80:9-90:20
123            android:name="androidx.work.impl.background.systemalarm.ConstraintProxy$StorageNotLowProxy"
123-->[androidx.work:work-runtime:2.2.0] AndroidManifest.xml:81:13-104
124            android:directBootAware="false"
124-->[androidx.work:work-runtime:2.2.0] AndroidManifest.xml:82:13-44
125            android:enabled="false"
125-->[androidx.work:work-runtime:2.2.0] AndroidManifest.xml:83:13-36
126            android:exported="false" >
126-->[androidx.work:work-runtime:2.2.0] AndroidManifest.xml:84:13-37
127            <intent-filter>
127-->[androidx.work:work-runtime:2.2.0] AndroidManifest.xml:86:13-89:29
128                <action android:name="android.intent.action.DEVICE_STORAGE_LOW" />
128-->[androidx.work:work-runtime:2.2.0] AndroidManifest.xml:87:17-83
128-->[androidx.work:work-runtime:2.2.0] AndroidManifest.xml:87:25-80
129                <action android:name="android.intent.action.DEVICE_STORAGE_OK" />
129-->[androidx.work:work-runtime:2.2.0] AndroidManifest.xml:88:17-82
129-->[androidx.work:work-runtime:2.2.0] AndroidManifest.xml:88:25-79
130            </intent-filter>
131        </receiver>
132        <receiver
132-->[androidx.work:work-runtime:2.2.0] AndroidManifest.xml:91:9-100:20
133            android:name="androidx.work.impl.background.systemalarm.ConstraintProxy$NetworkStateProxy"
133-->[androidx.work:work-runtime:2.2.0] AndroidManifest.xml:92:13-103
134            android:directBootAware="false"
134-->[androidx.work:work-runtime:2.2.0] AndroidManifest.xml:93:13-44
135            android:enabled="false"
135-->[androidx.work:work-runtime:2.2.0] AndroidManifest.xml:94:13-36
136            android:exported="false" >
136-->[androidx.work:work-runtime:2.2.0] AndroidManifest.xml:95:13-37
137            <intent-filter>
137-->[androidx.work:work-runtime:2.2.0] AndroidManifest.xml:97:13-99:29
138                <action android:name="android.net.conn.CONNECTIVITY_CHANGE" />
138-->[androidx.work:work-runtime:2.2.0] AndroidManifest.xml:98:17-79
138-->[androidx.work:work-runtime:2.2.0] AndroidManifest.xml:98:25-76
139            </intent-filter>
140        </receiver>
141        <receiver
141-->[androidx.work:work-runtime:2.2.0] AndroidManifest.xml:101:9-112:20
142            android:name="androidx.work.impl.background.systemalarm.RescheduleReceiver"
142-->[androidx.work:work-runtime:2.2.0] AndroidManifest.xml:102:13-88
143            android:directBootAware="false"
143-->[androidx.work:work-runtime:2.2.0] AndroidManifest.xml:103:13-44
144            android:enabled="false"
144-->[androidx.work:work-runtime:2.2.0] AndroidManifest.xml:104:13-36
145            android:exported="false" >
145-->[androidx.work:work-runtime:2.2.0] AndroidManifest.xml:105:13-37
146            <intent-filter>
146-->[androidx.work:work-runtime:2.2.0] AndroidManifest.xml:107:13-111:29
147                <action android:name="android.intent.action.BOOT_COMPLETED" />
147-->[androidx.work:work-runtime:2.2.0] AndroidManifest.xml:108:17-79
147-->[androidx.work:work-runtime:2.2.0] AndroidManifest.xml:108:25-76
148                <action android:name="android.intent.action.TIME_SET" />
148-->[androidx.work:work-runtime:2.2.0] AndroidManifest.xml:109:17-73
148-->[androidx.work:work-runtime:2.2.0] AndroidManifest.xml:109:25-70
149                <action android:name="android.intent.action.TIMEZONE_CHANGED" />
149-->[androidx.work:work-runtime:2.2.0] AndroidManifest.xml:110:17-81
149-->[androidx.work:work-runtime:2.2.0] AndroidManifest.xml:110:25-78
150            </intent-filter>
151        </receiver>
152        <receiver
152-->[androidx.work:work-runtime:2.2.0] AndroidManifest.xml:113:9-122:20
153            android:name="androidx.work.impl.background.systemalarm.ConstraintProxyUpdateReceiver"
153-->[androidx.work:work-runtime:2.2.0] AndroidManifest.xml:114:13-99
154            android:directBootAware="false"
154-->[androidx.work:work-runtime:2.2.0] AndroidManifest.xml:115:13-44
155            android:enabled="@bool/enable_system_alarm_service_default"
155-->[androidx.work:work-runtime:2.2.0] AndroidManifest.xml:116:13-72
156            android:exported="false" >
156-->[androidx.work:work-runtime:2.2.0] AndroidManifest.xml:117:13-37
157            <intent-filter>
157-->[androidx.work:work-runtime:2.2.0] AndroidManifest.xml:119:13-121:29
158                <action android:name="androidx.work.impl.background.systemalarm.UpdateProxies" />
158-->[androidx.work:work-runtime:2.2.0] AndroidManifest.xml:120:17-98
158-->[androidx.work:work-runtime:2.2.0] AndroidManifest.xml:120:25-95
159            </intent-filter>
160        </receiver>
161        <!--
162             FirebaseMessagingService performs security checks at runtime,
163             but set to not exported to explicitly avoid allowing another app to call it.
164        -->
165        <service
165-->[com.google.firebase:firebase-messaging:21.0.1] AndroidManifest.xml:28:9-35:19
166            android:name="com.google.firebase.messaging.FirebaseMessagingService"
166-->[com.google.firebase:firebase-messaging:21.0.1] AndroidManifest.xml:29:13-82
167            android:directBootAware="true"
167-->[com.google.firebase:firebase-messaging:21.0.1] AndroidManifest.xml:30:13-43
168            android:exported="false" >
168-->[com.google.firebase:firebase-messaging:21.0.1] AndroidManifest.xml:31:13-37
169            <intent-filter android:priority="-500" >
169-->[com.google.firebase:firebase-messaging:21.0.1] AndroidManifest.xml:32:13-34:29
169-->[com.google.firebase:firebase-messaging:21.0.1] AndroidManifest.xml:32:28-51
170                <action android:name="com.google.firebase.MESSAGING_EVENT" />
170-->[com.google.firebase:firebase-messaging:21.0.1] AndroidManifest.xml:33:17-78
170-->[com.google.firebase:firebase-messaging:21.0.1] AndroidManifest.xml:33:25-75
171            </intent-filter>
172        </service>
173
174        <receiver
174-->[com.google.firebase:firebase-iid:21.0.1] AndroidManifest.xml:37:9-44:20
175            android:name="com.google.firebase.iid.FirebaseInstanceIdReceiver"
175-->[com.google.firebase:firebase-iid:21.0.1] AndroidManifest.xml:38:13-78
176            android:exported="true"
176-->[com.google.firebase:firebase-iid:21.0.1] AndroidManifest.xml:39:13-36
177            android:permission="com.google.android.c2dm.permission.SEND" >
177-->[com.google.firebase:firebase-iid:21.0.1] AndroidManifest.xml:40:13-73
178            <intent-filter>
178-->[com.google.firebase:firebase-iid:21.0.1] AndroidManifest.xml:41:13-43:29
179                <action android:name="com.google.android.c2dm.intent.RECEIVE" />
179-->[com.google.firebase:firebase-iid:21.0.1] AndroidManifest.xml:42:17-81
179-->[com.google.firebase:firebase-iid:21.0.1] AndroidManifest.xml:42:25-78
180            </intent-filter>
181        </receiver>
182
183        <activity
183-->[com.google.android.gms:play-services-base:17.0.0] AndroidManifest.xml:23:9-26:75
184            android:name="com.google.android.gms.common.api.GoogleApiActivity"
184-->[com.google.android.gms:play-services-base:17.0.0] AndroidManifest.xml:24:13-79
185            android:exported="false"
185-->[com.google.android.gms:play-services-base:17.0.0] AndroidManifest.xml:25:13-37
186            android:theme="@android:style/Theme.Translucent.NoTitleBar" />
186-->[com.google.android.gms:play-services-base:17.0.0] AndroidManifest.xml:26:13-72
187
188        <provider
188-->[com.google.firebase:firebase-common:19.5.0] AndroidManifest.xml:26:9-31:39
189            android:name="com.google.firebase.provider.FirebaseInitProvider"
189-->[com.google.firebase:firebase-common:19.5.0] AndroidManifest.xml:27:13-77
190            android:authorities="com.gabez.todo_list_simple.firebaseinitprovider"
190-->[com.google.firebase:firebase-common:19.5.0] AndroidManifest.xml:28:13-72
191            android:directBootAware="true"
191-->[com.google.firebase:firebase-common:19.5.0] AndroidManifest.xml:29:13-43
192            android:exported="false"
192-->[com.google.firebase:firebase-common:19.5.0] AndroidManifest.xml:30:13-37
193            android:initOrder="100" />
193-->[com.google.firebase:firebase-common:19.5.0] AndroidManifest.xml:31:13-36
194
195        <meta-data
195-->[com.google.android.gms:play-services-basement:17.2.1] AndroidManifest.xml:23:9-25:69
196            android:name="com.google.android.gms.version"
196-->[com.google.android.gms:play-services-basement:17.2.1] AndroidManifest.xml:24:13-58
197            android:value="@integer/google_play_services_version" />
197-->[com.google.android.gms:play-services-basement:17.2.1] AndroidManifest.xml:25:13-66
198
199        <service
199-->[androidx.room:room-runtime:2.1.0] AndroidManifest.xml:25:9-27:40
200            android:name="androidx.room.MultiInstanceInvalidationService"
200-->[androidx.room:room-runtime:2.1.0] AndroidManifest.xml:26:13-74
201            android:exported="false" />
201-->[androidx.room:room-runtime:2.1.0] AndroidManifest.xml:27:13-37
202
203        <provider
203-->[androidx.lifecycle:lifecycle-process:2.2.0] AndroidManifest.xml:25:9-29:43
204            android:name="androidx.lifecycle.ProcessLifecycleOwnerInitializer"
204-->[androidx.lifecycle:lifecycle-process:2.2.0] AndroidManifest.xml:26:13-79
205            android:authorities="com.gabez.todo_list_simple.lifecycle-process"
205-->[androidx.lifecycle:lifecycle-process:2.2.0] AndroidManifest.xml:27:13-69
206            android:exported="false"
206-->[androidx.lifecycle:lifecycle-process:2.2.0] AndroidManifest.xml:28:13-37
207            android:multiprocess="true" />
207-->[androidx.lifecycle:lifecycle-process:2.2.0] AndroidManifest.xml:29:13-40
208
209        <service
209-->[com.google.android.datatransport:transport-backend-cct:2.3.3] AndroidManifest.xml:29:9-35:19
210            android:name="com.google.android.datatransport.runtime.backends.TransportBackendDiscovery"
210-->[com.google.android.datatransport:transport-backend-cct:2.3.3] AndroidManifest.xml:30:13-103
211            android:exported="false" >
211-->[com.google.android.datatransport:transport-backend-cct:2.3.3] AndroidManifest.xml:31:13-37
212            <meta-data
212-->[com.google.android.datatransport:transport-backend-cct:2.3.3] AndroidManifest.xml:32:13-34:39
213                android:name="backend:com.google.android.datatransport.cct.CctBackendFactory"
213-->[com.google.android.datatransport:transport-backend-cct:2.3.3] AndroidManifest.xml:33:17-94
214                android:value="cct" />
214-->[com.google.android.datatransport:transport-backend-cct:2.3.3] AndroidManifest.xml:34:17-36
215        </service>
216        <service
216-->[com.google.android.datatransport:transport-runtime:2.2.5] AndroidManifest.xml:26:9-30:19
217            android:name="com.google.android.datatransport.runtime.scheduling.jobscheduling.JobInfoSchedulerService"
217-->[com.google.android.datatransport:transport-runtime:2.2.5] AndroidManifest.xml:27:13-117
218            android:exported="false"
218-->[com.google.android.datatransport:transport-runtime:2.2.5] AndroidManifest.xml:28:13-37
219            android:permission="android.permission.BIND_JOB_SERVICE" >
219-->[com.google.android.datatransport:transport-runtime:2.2.5] AndroidManifest.xml:29:13-69
220        </service>
221
222        <receiver
222-->[com.google.android.datatransport:transport-runtime:2.2.5] AndroidManifest.xml:32:9-34:40
223            android:name="com.google.android.datatransport.runtime.scheduling.jobscheduling.AlarmManagerSchedulerBroadcastReceiver"
223-->[com.google.android.datatransport:transport-runtime:2.2.5] AndroidManifest.xml:33:13-132
224            android:exported="false" /> <!-- The activities will be merged into the manifest of the hosting app. -->
224-->[com.google.android.datatransport:transport-runtime:2.2.5] AndroidManifest.xml:34:13-37
225        <activity
225-->[com.google.android.play:core:1.7.2] AndroidManifest.xml:12:5-271
226            android:name="com.google.android.play.core.missingsplits.PlayCoreMissingSplitsActivity"
226-->[com.google.android.play:core:1.7.2] AndroidManifest.xml:12:15-102
227            android:enabled="false"
227-->[com.google.android.play:core:1.7.2] AndroidManifest.xml:12:103-126
228            android:exported="false"
228-->[com.google.android.play:core:1.7.2] AndroidManifest.xml:12:127-151
229            android:launchMode="singleInstance"
229-->[com.google.android.play:core:1.7.2] AndroidManifest.xml:12:204-239
230            android:process=":playcore_missing_splits_activity"
230-->[com.google.android.play:core:1.7.2] AndroidManifest.xml:12:152-203
231            android:stateNotNeeded="true" />
231-->[com.google.android.play:core:1.7.2] AndroidManifest.xml:12:240-269
232        <activity
232-->[com.google.android.play:core:1.7.2] AndroidManifest.xml:13:5-226
233            android:name="com.google.android.play.core.common.PlayCoreDialogWrapperActivity"
233-->[com.google.android.play:core:1.7.2] AndroidManifest.xml:13:15-95
234            android:enabled="false"
234-->[com.google.android.play:core:1.7.2] AndroidManifest.xml:13:96-119
235            android:exported="false"
235-->[com.google.android.play:core:1.7.2] AndroidManifest.xml:13:120-144
236            android:stateNotNeeded="true"
236-->[com.google.android.play:core:1.7.2] AndroidManifest.xml:13:145-174
237            android:theme="@style/Theme.PlayCore.Transparent" /> <!-- The service will be merged into the manifest of the hosting app. -->
237-->[com.google.android.play:core:1.7.2] AndroidManifest.xml:13:175-224
238        <service
238-->[com.google.android.play:core:1.7.2] AndroidManifest.xml:16:5-145
239            android:name="com.google.android.play.core.assetpacks.AssetPackExtractionService"
239-->[com.google.android.play:core:1.7.2] AndroidManifest.xml:16:14-95
240            android:enabled="false"
240-->[com.google.android.play:core:1.7.2] AndroidManifest.xml:16:96-119
241            android:exported="true" />
241-->[com.google.android.play:core:1.7.2] AndroidManifest.xml:16:120-143
242    </application>
243
244</manifest>